#OUTPUT
$PCS_TYPE
GROUNDWATER_FLOW
$NOD_VALUES
  HEAD
  VELOCITY_X1
  VELOCITY_Y1
  VELOCITY_Z1
$ELE_VALUES
  VELOCITY1_X
  VELOCITY1_Y
  VELOCITY1_Z 
$GEO_TYPE
DOMAIN
$DAT_TYPE
VTK
$TIM_TYPE
STEPS 1
#OUTPUT
$PCS_TYPE
GROUNDWATER_FLOW
$NOD_VALUES
HEAD
$GEO_TYPE
POINT Well1_top
$DAT_TYPE
TECPLOT
$TIM_TYPE
STEPS 1
#OUTPUT
$PCS_TYPE
GROUNDWATER_FLOW
$NOD_VALUES
HEAD
$GEO_TYPE
POINT Well2_top
$DAT_TYPE
TECPLOT
$TIM_TYPE
STEPS 1
#OUTPUT
$PCS_TYPE
GROUNDWATER_FLOW
$NOD_VALUES
HEAD
$GEO_TYPE
POINT Well3_top
$DAT_TYPE
TECPLOT
$TIM_TYPE
STEPS 1
#OUTPUT
$PCS_TYPE
GROUNDWATER_FLOW
$NOD_VALUES
HEAD
$GEO_TYPE
POINT Well4_top
$DAT_TYPE
TECPLOT
$TIM_TYPE
STEPS 1
#OUTPUT 
$PCS_TYPE
GROUNDWATER_FLOW
$NOD_VALUES
HEAD
$GEO_TYPE
POINT Well5_top
$DAT_TYPE
TECPLOT
$TIM_TYPE
STEPS 1
#OUTPUT 
$PCS_TYPE
GROUNDWATER_FLOW
$NOD_VALUES
HEAD
$GEO_TYPE
POINT Well6_top
$DAT_TYPE
TECPLOT
$TIM_TYPE
STEPS 1
#OUTPUT 
$PCS_TYPE
GROUNDWATER_FLOW
$NOD_VALUES
HEAD
$GEO_TYPE
POINT Well7_top
$DAT_TYPE
TECPLOT
$TIM_TYPE
STEPS 1
#OUTPUT 
$PCS_TYPE
GROUNDWATER_FLOW
$NOD_VALUES
HEAD
$GEO_TYPE
POINT Well8_top
$DAT_TYPE
TECPLOT
$TIM_TYPE
STEPS 1
#OUTPUT 
$PCS_TYPE
GROUNDWATER_FLOW
$NOD_VALUES
HEAD
$GEO_TYPE
POINT Well9_top
$DAT_TYPE
TECPLOT
$TIM_TYPE
STEPS 1
#OUTPUT 
$PCS_TYPE
GROUNDWATER_FLOW
$NOD_VALUES
HEAD
$GEO_TYPE
POINT Well10_top
$DAT_TYPE
TECPLOT
$TIM_TYPE
STEPS 1
#OUTPUT 
$PCS_TYPE
GROUNDWATER_FLOW
$NOD_VALUES
HEAD
$GEO_TYPE
POINT Well11_top
$DAT_TYPE
TECPLOT
$TIM_TYPE
STEPS 1
#OUTPUT 
$PCS_TYPE
GROUNDWATER_FLOW
$NOD_VALUES
HEAD
$GEO_TYPE
POINT Well12_top
$DAT_TYPE
TECPLOT
$TIM_TYPE
STEPS 1
#OUTPUT 
$PCS_TYPE
GROUNDWATER_FLOW
$NOD_VALUES
HEAD
$GEO_TYPE
POINT Well13_top
$DAT_TYPE
TECPLOT
$TIM_TYPE
STEPS 1
#OUTPUT 
$PCS_TYPE
GROUNDWATER_FLOW
$NOD_VALUES
HEAD
$GEO_TYPE
POINT Well14_top
$DAT_TYPE
TECPLOT
$TIM_TYPE
STEPS 1
#OUTPUT 
$PCS_TYPE
GROUNDWATER_FLOW
$NOD_VALUES
HEAD
$GEO_TYPE
POINT Well15_top
$DAT_TYPE
TECPLOT
$TIM_TYPE
STEPS 1
#OUTPUT 
$PCS_TYPE
GROUNDWATER_FLOW
$NOD_VALUES
HEAD
$GEO_TYPE
POINT Well16_top
$DAT_TYPE
TECPLOT
$TIM_TYPE
STEPS 1
#OUTPUT 
$PCS_TYPE
GROUNDWATER_FLOW
$NOD_VALUES
HEAD
$GEO_TYPE
POINT Well17_top
$DAT_TYPE
TECPLOT
$TIM_TYPE
STEPS 1
#OUTPUT 
$PCS_TYPE
GROUNDWATER_FLOW
$NOD_VALUES
HEAD
$GEO_TYPE
POINT Well18_top
$DAT_TYPE
TECPLOT
$TIM_TYPE
STEPS 1
#OUTPUT 
$PCS_TYPE
GROUNDWATER_FLOW
$NOD_VALUES
HEAD
$GEO_TYPE
POINT Well19_top
$DAT_TYPE
TECPLOT
$TIM_TYPE
STEPS 1
#STOP